c:\users\george\documents\github\cs3113\assignments\a4_platformer\a4_platformer\debug\vc120.pdb
c:\users\george\documents\github\cs3113\assignments\a4_platformer\a4_platformer\debug\vc120.idb
c:\users\george\documents\github\cs3113\assignments\a4_platformer\a4_platformer\debug\application.obj
c:\users\george\documents\github\cs3113\assignments\a4_platformer\a4_platformer\debug\bullet.obj
c:\users\george\documents\github\cs3113\assignments\a4_platformer\a4_platformer\debug\enemy.obj
c:\users\george\documents\github\cs3113\assignments\a4_platformer\a4_platformer\debug\entitybase.obj
c:\users\george\documents\github\cs3113\assignments\a4_platformer\a4_platformer\debug\main.obj
c:\users\george\documents\github\cs3113\assignments\a4_platformer\a4_platformer\debug\platformerentity.obj
c:\users\george\documents\github\cs3113\assignments\a4_platformer\a4_platformer\debug\platformerentitybase.obj
c:\users\george\documents\github\cs3113\assignments\a4_platformer\a4_platformer\debug\player.obj
c:\users\george\documents\github\cs3113\assignments\a4_platformer\a4_platformer\debug\statebase.obj
c:\users\george\documents\github\cs3113\assignments\a4_platformer\a4_platformer\debug\stategamelevel.obj
c:\users\george\documents\github\cs3113\assignments\a4_platformer\a4_platformer\debug\stategameover.obj
c:\users\george\documents\github\cs3113\assignments\a4_platformer\a4_platformer\debug\statemainmenu.obj
c:\users\george\documents\github\cs3113\assignments\a4_platformer\a4_platformer\debug\spritebase.obj
c:\users\george\documents\github\cs3113\assignments\a4_platformer\debug\a4_platformer.pdb
c:\users\george\documents\github\cs3113\assignments\a4_platformer\a4_platformer\debug\a4_platformer.tlog\cl.command.1.tlog
c:\users\george\documents\github\cs3113\assignments\a4_platformer\a4_platformer\debug\a4_platformer.tlog\cl.read.1.tlog
c:\users\george\documents\github\cs3113\assignments\a4_platformer\a4_platformer\debug\a4_platformer.tlog\cl.write.1.tlog
c:\users\george\documents\github\cs3113\assignments\a4_platformer\a4_platformer\debug\a4_platformer.tlog\link.command.1.tlog
c:\users\george\documents\github\cs3113\assignments\a4_platformer\a4_platformer\debug\a4_platformer.tlog\link.read.1.tlog
c:\users\george\documents\github\cs3113\assignments\a4_platformer\a4_platformer\debug\a4_platformer.tlog\link.write.1.tlog
