Build started 3/1/2015 11:23:32 PM.
     1>Project "C:\Users\George\Documents\GitHub\CS3113\Assignments\A3_SpaceInvaders\A3_SpaceInvaders\A3_SpaceInvaders.vcxproj" on node 2 (Build target(s)).
     1>ClCompile:
         C:\Program Files (x86)\Microsoft Visual Studio 12.0\VC\bin\CL.exe /c /IC:\SDL2\include /IC:\SDL2_image\include /ZI /nologo /W3 /WX- /sdl /Od /Oy- /D _MBCS /Gm /EHsc /RTC1 /MDd /GS /fp:precise /Zc:wchar_t /Zc:forScope /Fo"Debug\\" /Fd"Debug\vc120.pdb" /Gd /TP /analyze- /errorReport:prompt StateGameLevel.cpp
         StateGameLevel.cpp
     1>c:\users\george\documents\github\cs3113\assignments\a3_spaceinvaders\a3_spaceinvaders\entitybase.h(17): warning C4244: 'return' : conversion from 'double' to 'float', possible loss of data
     1>c:\users\george\documents\github\cs3113\assignments\a3_spaceinvaders\a3_spaceinvaders\entity.h(23): warning C4812: obsolete declaration style: please use 'Entity<T>::Entity' instead
     1>c:\users\george\documents\github\cs3113\assignments\a3_spaceinvaders\a3_spaceinvaders\entity.h(31): warning C4812: obsolete declaration style: please use 'Entity<T>::~Entity' instead
     1>c:\users\george\documents\github\cs3113\assignments\a3_spaceinvaders\a3_spaceinvaders\stategamelevel.cpp(12): warning C4018: '<' : signed/unsigned mismatch
     1>c:\users\george\documents\github\cs3113\assignments\a3_spaceinvaders\a3_spaceinvaders\stategamelevel.cpp(60): warning C4244: 'argument' : conversion from 'time_t' to 'unsigned int', possible loss of data
     1>c:\users\george\documents\github\cs3113\assignments\a3_spaceinvaders\a3_spaceinvaders\stategamelevel.cpp(95): warning C4018: '<' : signed/unsigned mismatch
     1>c:\users\george\documents\github\cs3113\assignments\a3_spaceinvaders\a3_spaceinvaders\stategamelevel.cpp(108): warning C4018: '>' : signed/unsigned mismatch
     1>c:\users\george\documents\github\cs3113\assignments\a3_spaceinvaders\a3_spaceinvaders\stategamelevel.cpp(118): warning C4305: 'initializing' : truncation from 'double' to 'float'
     1>c:\users\george\documents\github\cs3113\assignments\a3_spaceinvaders\a3_spaceinvaders\stategamelevel.cpp(119): warning C4305: 'initializing' : truncation from 'double' to 'float'
     1>c:\users\george\documents\github\cs3113\assignments\a3_spaceinvaders\a3_spaceinvaders\stategamelevel.cpp(120): warning C4305: 'initializing' : truncation from 'double' to 'float'
     1>c:\users\george\documents\github\cs3113\assignments\a3_spaceinvaders\a3_spaceinvaders\stategamelevel.cpp(121): warning C4305: 'initializing' : truncation from 'double' to 'float'
     1>c:\users\george\documents\github\cs3113\assignments\a3_spaceinvaders\a3_spaceinvaders\stategamelevel.cpp(138): warning C4018: '<' : signed/unsigned mismatch
     1>c:\users\george\documents\github\cs3113\assignments\a3_spaceinvaders\a3_spaceinvaders\stategamelevel.cpp(146): warning C4018: '<' : signed/unsigned mismatch
     1>c:\users\george\documents\github\cs3113\assignments\a3_spaceinvaders\a3_spaceinvaders\stategamelevel.cpp(154): warning C4018: '<' : signed/unsigned mismatch
     1>c:\users\george\documents\github\cs3113\assignments\a3_spaceinvaders\a3_spaceinvaders\stategamelevel.cpp(164): warning C4018: '<' : signed/unsigned mismatch
     1>c:\users\george\documents\github\cs3113\assignments\a3_spaceinvaders\a3_spaceinvaders\stategamelevel.cpp(178): warning C4018: '<' : signed/unsigned mismatch
     1>c:\users\george\documents\github\cs3113\assignments\a3_spaceinvaders\a3_spaceinvaders\stategamelevel.cpp(196): warning C4018: '<' : signed/unsigned mismatch
     1>c:\users\george\documents\github\cs3113\assignments\a3_spaceinvaders\a3_spaceinvaders\stategamelevel.cpp(211): warning C4018: '<' : signed/unsigned mismatch
     1>c:\users\george\documents\github\cs3113\assignments\a3_spaceinvaders\a3_spaceinvaders\stategamelevel.cpp(214): warning C4018: '<' : signed/unsigned mismatch
     1>c:\users\george\documents\github\cs3113\assignments\a3_spaceinvaders\a3_spaceinvaders\stategamelevel.cpp(222): warning C4018: '<' : signed/unsigned mismatch
     1>c:\users\george\documents\github\cs3113\assignments\a3_spaceinvaders\a3_spaceinvaders\stategamelevel.cpp(225): warning C4018: '<' : signed/unsigned mismatch
     1>c:\users\george\documents\github\cs3113\assignments\a3_spaceinvaders\a3_spaceinvaders\entity.h(31): warning C4812: obsolete declaration style: please use 'Entity<SpriteBase>::~Entity' instead
                 c:\users\george\documents\github\cs3113\assignments\a3_spaceinvaders\a3_spaceinvaders\entity.h(31) : while compiling class template member function 'Entity<SpriteBase>::~Entity(void)'
                 c:\users\george\documents\github\cs3113\assignments\a3_spaceinvaders\a3_spaceinvaders\stategamelevel.cpp(217) : see reference to function template instantiation 'Entity<SpriteBase>::~Entity(void)' being compiled
                 c:\users\george\documents\github\cs3113\assignments\a3_spaceinvaders\a3_spaceinvaders\bullet.h(6) : see reference to class template instantiation 'Entity<SpriteBase>' being compiled
     1>c:\users\george\documents\github\cs3113\assignments\a3_spaceinvaders\a3_spaceinvaders\stategamelevel.cpp(23): warning C4018: '<' : signed/unsigned mismatch
                 c:\users\george\documents\github\cs3113\assignments\a3_spaceinvaders\a3_spaceinvaders\stategamelevel.cpp(125) : see reference to function template instantiation 'std::vector<const std::array<float,4>,std::allocator<_Ty>> getRects<Enemy>(std::vector<Enemy *,std::allocator<Enemy>>)' being compiled
                 with
                 [
                     _Ty=const std::array<float,4>
                 ]
       Link:
         C:\Program Files (x86)\Microsoft Visual Studio 12.0\VC\bin\link.exe /ERRORREPORT:PROMPT /OUT:"C:\Users\George\Documents\GitHub\CS3113\Assignments\A3_SpaceInvaders\Debug\A3_SpaceInvaders.exe" /INCREMENTAL /NOLOGO /LIBPATH:C:\SDL2\lib\x86 /LIBPATH:C:\SDL2_image\lib\x86 SDL2.lib SDL2main.lib SDL2_image.lib OpenGL32.lib /MANIFEST /MANIFESTUAC:"level='asInvoker' uiAccess='false'" /manifest:embed /DEBUG /PDB:"C:\Users\George\Documents\GitHub\CS3113\Assignments\A3_SpaceInvaders\Debug\A3_SpaceInvaders.pdb" /SUBSYSTEM:WINDOWS /TLBID:1 /DYNAMICBASE /NXCOMPAT /IMPLIB:"C:\Users\George\Documents\GitHub\CS3113\Assignments\A3_SpaceInvaders\Debug\A3_SpaceInvaders.lib" /MACHINE:X86 Debug\Application.obj
         Debug\Bullet.obj
         Debug\Enemy.obj
         Debug\EntityBase.obj
         Debug\main.obj
         Debug\Player.obj
         Debug\StateBase.obj
         Debug\StateGameLevel.obj
         Debug\StateGameOver.obj
         Debug\StateMainMenu.obj
         Debug\SpriteBase.obj
         A3_SpaceInvaders.vcxproj -> C:\Users\George\Documents\GitHub\CS3113\Assignments\A3_SpaceInvaders\Debug\A3_SpaceInvaders.exe
     1>Done Building Project "C:\Users\George\Documents\GitHub\CS3113\Assignments\A3_SpaceInvaders\A3_SpaceInvaders\A3_SpaceInvaders.vcxproj" (Build target(s)).

Build succeeded.

Time Elapsed 00:00:01.85
